VehicleLauncher/proguard.cfg
-optimizationpasses 5
-dontusemixedcaseclassnames
-dontpreverify
-verbose
-optimizations !code/simplification/arithmetic,!field/*,!class/merging/*

-keep public class * extends android.app.Activity
-keep public class * extends android.app.Application
-keep public class * extends android.app.Service
-keep public class * extends android.content.BroadcastReceiver
-keep public class * extends android.content.ContentProvider
-keep public class * extends android.app.backup.BackupAgentHelper
-keep public class * extends android.preference.Preference
-keep public class com.android.vending.licensing.ILicensingService
-keep public class * extends android.support.v4.*
-keep public class * extends net.sourceforge.*.*
-keep public class * extends net.sourceforge.format.*.*
-keep public class * extends com.google.gson.**
-keep public class * extends com.baidu.**
-keep public class * extends org.apache.http.**
-dontwarn org.apache.http.**
-keep class org.apache.http.** { *;}
-dontwarn android.support.v4.**
-keep class android.support.v4.** {*;}
-dontwarn net.soureceforge.pinyin4j.**
-dontwarn demo.**

-keep class net.sourceforge.pinyin4j.** { *;}
-keep class demo.** { *;}
-dontwarn com.baidu.**
-keep class com.baidu.** { *;}
-dontwarn com.google.gson.**
-keep class com.google.gson.** { *;}

-keep class com.hp.** { *;}




-keepclasseswithmembernames class * {
    native <methods>;
}

-keepclasseswithmembers class * {
    public <init>(android.content.Context, android.util.AttributeSet);
}

-keepclasseswithmembers class * {
    public <init>(android.content.Context, android.util.AttributeSet, int);
}

-keepclassmembers class * extends android.app.Activity {
   public void *(android.view.View);
}

-keepclassmembers enum * {
    public static **[] values();
    public static ** valueOf(java.lang.String);
}

-keep class * implements android.os.Parcelable {
  public static final android.os.Parcelable$Creator *;
}