VehicleLauncher/proguard/seeds.txt
com.vehicle.launcher.LauncherActivity
com.vehicle.launcher.LauncherActivity: LauncherActivity()
com.vehicle.launcher.LauncherApplication
com.vehicle.launcher.LauncherApplication: LauncherApplication()
...
com.google.gson.internal.bind.TimeTypeAdapter$1
com.google.gson.internal.bind.TimeTypeAdapter$1: TimeTypeAdapter$1()
com.google.gson.internal.bind.TimeTypeAdapter$1: com.google.gson.TypeAdapter create(com.google.gson.Gson,com.google.gson.reflect.TypeToken)
com.google.gson.internal.bind.TypeAdapterRuntimeTypeWrapper
com.google.gson.internal.bind.TypeAdapterRuntimeTypeWrapper: com.google.gson.Gson context
com.google.gson.internal.bind.TypeAdapterRuntimeTypeWrapper: com.google.gson.TypeAdapter delegate
com.google.gson.internal.bind.TypeAdapterRuntimeTypeWrapper: java.lang.reflect.Type type
com.google.gson.internal.bind.TypeAdapterRuntimeTypeWrapper: TypeAdapterRuntimeTypeWrapper(com.google.gson.Gson,com.google.gson.TypeAdapter,java.lang.reflect.Type)
com.google.gson.internal.bind.TypeAdapterRuntimeTypeWrapper: java.lang.Object read(com.google.gson.stream.JsonReader)
com.google.gson.internal.bind.TypeAdapterRuntimeTypeWrapper: void write(com.google.gson.stream.JsonWriter,java.lang.Object)
com.google.gson.internal.bind.TypeAdapterRuntimeTypeWrapper: java.lang.reflect.Type getRuntimeTypeIfMoreSpecific(java.lang.reflect.Type,java.lang.Object)
com.google.gson.internal.bind.TypeAdapters
com.google.gson.internal.bind.TypeAdapters: com.google.gson.TypeAdapter CLASS
com.google.gson.internal.bind.TypeAdapters: com.google.gson.TypeAdapterFactory CLASS_FACTORY
com.google.gson.internal.bind.TypeAdapters: com.google.gson.TypeAdapter BIT_SET
com.google.gson.internal.bind.TypeAdapters: com.google.gson.TypeAdapterFactory BIT_SET_FACTORY
com.google.gson.internal.bind.TypeAdapters: com.google.gson.TypeAdapter BOOLEAN
com.google.gson.internal.bind.TypeAdapters: com.google.gson.TypeAdapter BOOLEAN_AS_STRING
com.google.gson.internal.bind.TypeAdapters: com.google.gson.TypeAdapterFactory BOOLEAN_FACTORY
com.google.gson.internal.bind.TypeAdapters: com.google.gson.TypeAdapter BYTE
com.google.gson.internal.bind.TypeAdapters: com.google.gson.TypeAdapterFactory BYTE_FACTORY
com.google.gson.internal.bind.TypeAdapters: com.google.gson.TypeAdapter SHORT
com.google.gson.internal.bind.TypeAdapters: com.google.gson.TypeAdapterFactory SHORT_FACTORY
com.google.gson.internal.bind.TypeAdapters: com.google.gson.TypeAdapter INTEGER
com.google.gson.internal.bind.TypeAdapters: com.google.gson.TypeAdapterFactory INTEGER_FACTORY
com.google.gson.internal.bind.TypeAdapters: com.google.gson.TypeAdapter LONG
com.google.gson.internal.bind.TypeAdapters: com.google.gson.TypeAdapter FLOAT
com.google.gson.internal.bind.TypeAdapters: com.google.gson.TypeAdapter DOUBLE
com.google.gson.internal.bind.TypeAdapters: com.google.gson.TypeAdapter NUMBER
com.google.gson.internal.bind.TypeAdapters$1
com.google.gson.internal.bind.TypeAdapters$1: TypeAdapters$1()
com.google.gson.internal.bind.TypeAdapters$1: void write(com.google.gson.stream.JsonWriter,java.lang.Class)
com.google.gson.internal.bind.TypeAdapters$1: java.lang.Class read(com.google.gson.stream.JsonReader)
com.google.gson.internal.bind.TypeAdapters$1: java.lang.Object read(com.google.gson.stream.JsonReader)
com.google.gson.internal.bind.TypeAdapters$1: void write(com.google.gson.stream.JsonWriter,java.lang.Object)
com.google.gson.internal.bind.TypeAdapters$10
com.google.gson.internal.bind.TypeAdapters$10: TypeAdapters$10()
com.google.gson.internal.bind.TypeAdapters$10: java.lang.Number read(com.google.gson.stream.JsonReader)
com.google.gson.internal.bind.TypeAdapters$10: void write(com.google.gson.stream.JsonWriter,java.lang.Number)
com.google.gson.internal.bind.TypeAdapters$10: java.lang.Object read(com.google.gson.stream.JsonReader)
com.google.gson.internal.bind.TypeAdapters$10: void write(com.google.gson.stream.JsonWriter,java.lang.Object)