VehicleLauncher/proguard/mapping.txt
com.vehicle.launcher.LauncherActivity -> com.vehicle.launcher.LauncherActivity:
    com.vehicle.launcher.Preview preview -> a
    android.view.SurfaceView mSurfaceView -> b
    android.widget.ToggleButton mButtonRecord -> c
    android.widget.ToggleButton mPreviewSizeToggle -> d
    com.vehicle.view.BatteryView mBattery -> e
    com.vehicle.view.SignalView mPhoneSignal -> f
    android.widget.TextView mDataLink -> g
    android.widget.Switch mNetworkSwitch -> h
    android.widget.SeekBar mBrightnessSeekBar -> i
    android.widget.SeekBar mVolumeSeekBar -> j
    android.hardware.Camera camera -> k
    android.widget.RelativeLayout mFunctionButtonLayout -> l
    android.widget.RelativeLayout mSwitchGroupLayout -> m
    android.widget.RelativeLayout mFavoriteAppsLayout -> n
    android.widget.RelativeLayout mAllAppsLayout -> o
    android.widget.LinearLayout mExtraFunLayout -> p
    android.widget.FrameLayout mPreViewLayout -> q
    android.widget.RelativeLayout$LayoutParams mPreViewLayoutNormal -> r
    android.widget.RelativeLayout$LayoutParams mPreViewLayoutFullScreen -> s
    java.lang.String fileName -> t
    android.app.Activity act -> u
    android.content.Context ctx -> v
    com.vehicle.launcher.MyPhoneStateListener mPhoneStateListener -> w
    android.telephony.TelephonyManager mPhone -> C
    android.media.AudioManager mAudioManager -> D
    com.vehicle.launcher.PlaySoundPool playSoundPool -> E
    android.os.Handler mUpdateHandler -> x
com.vehicle.launcher.LauncherActivity$1 -> com.vehicle.launcher.a:
    com.vehicle.launcher.LauncherActivity this$0 -> a
    void run() -> run
com.vehicle.launcher.LauncherActivity$10 -> com.vehicle.launcher.b:
    com.vehicle.launcher.LauncherActivity this$0 -> a
    void onCheckedChanged(android.widget.CompoundButton,boolean) -> onCheckedChanged
    com.vehicle.launcher.LauncherActivity access$0(com.vehicle.launcher.LauncherActivity$10) -> a
com.vehicle.launcher.LauncherActivity$10$1 -> com.vehicle.launcher.c:
    com.vehicle.launcher.LauncherActivity$10 this$1 -> a
    void run() -> run
com.vehicle.launcher.LauncherActivity$11 -> com.vehicle.launcher.d:
    com.vehicle.launcher.LauncherActivity this$0 -> a
    void onCheckedChanged(android.widget.CompoundButton,boolean) -> onCheckedChanged
com.vehicle.launcher.LauncherActivity$12 -> com.vehicle.launcher.e:
    com.vehicle.launcher.LauncherActivity this$0 -> a
    void onStopTrackingTouch(android.widget.SeekBar) -> onStopTrackingTouch
    void onStartTrackingTouch(android.widget.SeekBar) -> onStartTrackingTouch
    void onProgressChanged(android.widget.SeekBar,int,boolean) -> onProgressChanged
com.vehicle.launcher.LauncherActivity$13 -> com.vehicle.launcher.f:
    com.vehicle.launcher.LauncherActivity this$0 -> a
    void onStopTrackingTouch(android.widget.SeekBar) -> onStopTrackingTouch
    void onStartTrackingTouch(android.widget.SeekBar) -> onStartTrackingTouch
    void onProgressChanged(android.widget.SeekBar,int,boolean) -> onProgressChanged
com.vehicle.launcher.LauncherActivity$2 -> com.vehicle.launcher.g:
    com.vehicle.launcher.LauncherActivity this$0 -> a
    void onReceive(android.content.Context,android.content.Intent) -> onReceive
com.vehicle.launcher.LauncherActivity$3 -> com.vehicle.launcher.h:
    com.vehicle.launcher.LauncherActivity this$0 -> a
    void onReceive(android.content.Context,android.content.Intent) -> onReceive
com.vehicle.launcher.LauncherActivity$4 -> com.vehicle.launcher.i:
    com.vehicle.launcher.LauncherActivity this$0 -> a
    void onShutter() -> onShutter
com.vehicle.launcher.LauncherActivity$5 -> com.vehicle.launcher.j:
    com.vehicle.launcher.LauncherActivity this$0 -> a
    void onPictureTaken(byte[],android.hardware.Camera) -> onPictureTaken
com.vehicle.launcher.LauncherActivity$6 -> com.vehicle.launcher.k:
    com.vehicle.launcher.LauncherActivity this$0 -> a
    void onPictureTaken(byte[],android.hardware.Camera) -> onPictureTaken
...
com.google.gson.JsonSerializationContext -> com.google.gson.JsonSerializationContext:
    com.google.gson.JsonElement serialize(java.lang.Object) -> serialize
    com.google.gson.JsonElement serialize(java.lang.Object,java.lang.reflect.Type) -> serialize
com.google.gson.JsonSerializer -> com.google.gson.JsonSerializer:
    com.google.gson.JsonElement serialize(java.lang.Object,java.lang.reflect.Type,com.google.gson.JsonSerializationContext) -> serialize
com.google.gson.JsonStreamParser -> com.google.gson.JsonStreamParser:
    com.google.gson.stream.JsonReader parser -> parser
    java.lang.Object lock -> lock
    com.google.gson.JsonElement next() -> next
    boolean hasNext() -> hasNext
    void remove() -> remove
    java.lang.Object next() -> next
com.google.gson.JsonSyntaxException -> com.google.gson.JsonSyntaxException:
    long serialVersionUID -> serialVersionUID
com.google.gson.LongSerializationPolicy -> com.google.gson.LongSerializationPolicy:
    com.google.gson.LongSerializationPolicy DEFAULT -> DEFAULT
    com.google.gson.LongSerializationPolicy STRING -> STRING
    com.google.gson.LongSerializationPolicy[] $VALUES -> $VALUES
    com.google.gson.LongSerializationPolicy[] values() -> values
    com.google.gson.LongSerializationPolicy valueOf(java.lang.String) -> valueOf
    com.google.gson.JsonElement serialize(java.lang.Long) -> serialize
com.google.gson.LongSerializationPolicy$1 -> com.google.gson.LongSerializationPolicy$1:
    com.google.gson.JsonElement serialize(java.lang.Long) -> serialize
com.google.gson.LongSerializationPolicy$2 -> com.google.gson.LongSerializationPolicy$2:
    com.google.gson.JsonElement serialize(java.lang.Long) -> serialize
com.google.gson.TreeTypeAdapter -> com.google.gson.TreeTypeAdapter:
    com.google.gson.JsonSerializer serializer -> serializer
    com.google.gson.JsonDeserializer deserializer -> deserializer
    com.google.gson.Gson gson -> gson
    com.google.gson.reflect.TypeToken typeToken -> typeToken
    com.google.gson.TypeAdapterFactory skipPast -> skipPast
    com.google.gson.TypeAdapter delegate -> delegate
    java.lang.Object read(com.google.gson.stream.JsonReader) -> read
    void write(com.google.gson.stream.JsonWriter,java.lang.Object) -> write
    com.google.gson.TypeAdapter delegate() -> delegate
    com.google.gson.TypeAdapterFactory newFactory(com.google.gson.reflect.TypeToken,java.lang.Object) -> newFactory
    com.google.gson.TypeAdapterFactory newFactoryWithMatchRawType(com.google.gson.reflect.TypeToken,java.lang.Object) -> newFactoryWithMatchRawType
    com.google.gson.TypeAdapterFactory newTypeHierarchyFactory(java.lang.Class,java.lang.Object) -> newTypeHierarchyFactory
com.google.gson.TreeTypeAdapter$1 -> com.google.gson.TreeTypeAdapter$1:
com.google.gson.TreeTypeAdapter$SingleTypeFactory -> com.google.gson.TreeTypeAdapter$SingleTypeFactory:
    com.google.gson.reflect.TypeToken exactType -> exactType
    boolean matchRawType -> matchRawType
    java.lang.Class hierarchyType -> hierarchyType
    com.google.gson.JsonSerializer serializer -> serializer
    com.google.gson.JsonDeserializer deserializer -> deserializer
    com.google.gson.TypeAdapter create(com.google.gson.Gson,com.google.gson.reflect.TypeToken) -> create
com.google.gson.TypeAdapter -> com.google.gson.TypeAdapter:
    void write(com.google.gson.stream.JsonWriter,java.lang.Object) -> write
    void toJson(java.io.Writer,java.lang.Object) -> toJson
    com.google.gson.TypeAdapter nullSafe() -> nullSafe
    java.lang.String toJson(java.lang.Object) -> toJson
    com.google.gson.JsonElement toJsonTree(java.lang.Object) -> toJsonTree
    java.lang.Object read(com.google.gson.stream.JsonReader) -> read
    java.lang.Object fromJson(java.io.Reader) -> fromJson
    java.lang.Object fromJson(java.lang.String) -> fromJson
    java.lang.Object fromJsonTree(com.google.gson.JsonElement) -> fromJsonTree