VehicleLauncher/proguard/usage.txt
com.vehicle.launcher.BuildConfig
com.vehicle.launcher.LauncherActivity:
    private static final java.lang.String TAG
com.vehicle.launcher.MyPhoneStateListener:
    public static final int SIGNAL_STRENGTH_NONE_OR_UNKNOWN
    public static final int SIGNAL_STRENGTH_POOR
    public static final int SIGNAL_STRENGTH_MODERATE
    public static final int SIGNAL_STRENGTH_GOOD
    public static final int SIGNAL_STRENGTH_GREAT
    public static final int NUM_SIGNAL_STRENGTH_BINS
com.vehicle.launcher.R
com.vehicle.launcher.R$anim
com.vehicle.launcher.R$attr
com.vehicle.launcher.R$color
com.vehicle.launcher.R$dimen
com.vehicle.launcher.R$drawable
com.vehicle.launcher.R$id
com.vehicle.launcher.R$layout
com.vehicle.launcher.R$raw
com.vehicle.launcher.R$string
com.vehicle.launcher.WeatherModel:
    static com.vehicle.launcher.WeatherModel mSingleInstance
    private static final int CITY_LIST_SCUESS
    private static final java.lang.String FORMAT
    private static com.vehicle.launcher.LauncherApplication mApplication
    private java.util.Map mWidgetWeatherIcon
    153:153:public java.util.List getCityList()
    157:157:public java.util.List getSections()
    161:161:public java.util.Map getMap()
    165:165:public java.util.List getPositions()
    169:169:public java.util.Map getIndexer()
    173:173:public boolean isCityListComplite()
    181:196:public int getWeatherIcon(java.lang.String)
    222:223:public void setmCurPm2d5(com.vehicle.bean.Pm2d5)
...
android.annotation.SuppressLint
android.annotation.TargetApi
com.vehicle.bean.City:
    private static final long serialVersionUID
    33:33:public java.lang.String getProvince()
    37:38:public void setProvince(java.lang.String)
    45:46:public void setCity(java.lang.String)
    53:54:public void setNumber(java.lang.String)
    61:62:public void setFirstPY(java.lang.String)
    69:70:public void setAllPY(java.lang.String)
    73:73:public java.lang.String getAllFristPY()
    77:78:public void setAllFristPY(java.lang.String)
com.vehicle.bean.Pm2d5:
    5:5:public Pm2d5()
    20:20:public java.lang.String getAqi()
    24:25:public void setAqi(java.lang.String)
    28:28:public java.lang.String getArea()
    32:33:public void setArea(java.lang.String)
    36:36:public java.lang.String getPm2_5()
    40:41:public void setPm2_5(java.lang.String)
    44:44:public java.lang.String getPm2_5_24h()
    48:49:public void setPm2_5_24h(java.lang.String)
    52:52:public java.lang.String getQuality()
    56:57:public void setQuality(java.lang.String)
    60:60:public java.lang.String getTime_point()
    64:65:public void setTime_point(java.lang.String)
com.vehicle.bean.SimpleWeather:
    14:15:public void setWeatherinfo(com.vehicle.bean.SimpleWeatherinfo)
com.vehicle.bean.SimpleWeatherinfo:
    5:5:public SimpleWeatherinfo()
    28:29:public void setCity(java.lang.String)
    32:32:public java.lang.String getCityid()
    36:37:public void setCityid(java.lang.String)
    44:45:public void setTemp(java.lang.String)
    48:48:public java.lang.String getWD()
    52:53:public void setWD(java.lang.String)
    56:56:public java.lang.String getWS()
    60:61:public void setWS(java.lang.String)
    64:64:public java.lang.String getSD()
    68:69:public void setSD(java.lang.String)
    72:72:public java.lang.String getWSE()
    76:77:public void setWSE(java.lang.String)
    84:85:public void setTime(java.lang.String)
com.vehicle.bean.Weather:
    14:15:public void setWeatherinfo(com.vehicle.bean.Weatherinfo)
com.vehicle.bean.Weatherinfo:
    5:5:public Weatherinfo()
    62:62:public java.lang.String getCity()
    66:67:public void setCity(java.lang.String)
    70:70:public java.lang.String getCity_en()
    74:75:public void setCity_en(java.lang.String)
    78:78:public java.lang.String getDate_y()
    82:83:public void setDate_y(java.lang.String)
    86:86:public java.lang.String getWeek()
    90:91:public void setWeek(java.lang.String)
    94:94:public java.lang.String getFchh()
    98:99:public void setFchh(java.lang.String)
    102:102:public java.lang.String getTemp1()
    106:107:public void setTemp1(java.lang.String)
    110:110:public java.lang.String getTemp2()
    114:115:public void setTemp2(java.lang.String)
    118:118:public java.lang.String getTemp3()
    122:123:public void setTemp3(java.lang.String)
    126:126:public java.lang.String getTemp4()
    130:131:public void setTemp4(java.lang.String)
    134:134:public java.lang.String getTemp5()
    138:139:public void setTemp5(java.lang.String)
    142:142:public java.lang.String getTemp6()
    146:147:public void setTemp6(java.lang.String)
    155:156:public void setWeather1(java.lang.String)
    159:159:public java.lang.String getWeather2()
    163:164:public void setWeather2(java.lang.String)
    167:167:public java.lang.String getWeather3()
    171:172:public void setWeather3(java.lang.String)
    175:175:public java.lang.String getWeather4()
    179:180:public void setWeather4(java.lang.String)
com.vehicle.db.CityDB:
    public static final java.lang.String CITY_DB_NAME
    private static final java.lang.String CITY_TABLE_NAME
com.vehicle.util.ConfigCache:
    public static final int CONFIG_CACHE_MOBILE_TIMEOUT
    public static final int CONFIG_CACHE_WIFI_TIMEOUT
    80:97:public static void clearCache(java.io.File)
com.vehicle.util.FileUtils:
    private static final int BUFFER
    14:14:public FileUtils()
    67:86:public static void copyFile(java.io.File,java.io.File)